2025-08-27 09:07:48 [2@glpi-server]
Письмо для admsys@localhost было добавлено в очередь: [GLPI #0000022] Новая заявка 123
2025-08-27 09:29:40 [2@glpi-server]
Письмо для admsys@localhost было добавлено в очередь: [GLPI #0000023] Новая заявка 123
2025-08-27 09:32:44 [2@glpi-server]
Письмо для admsys@localhost было добавлено в очередь: [GLPI #0000024] Новая заявка 1234124
2025-08-27 09:33:32 [9@glpi-server]
Письмо для admsys@localhost было добавлено в очередь: [GLPI #0000024] Новый комментарий по заявке 1234124
2025-08-27 09:33:36 [9@glpi-server]
Письмо для admsys@localhost было добавлено в очередь: [GLPI #0000024] Новый комментарий по заявке 1234124
2025-08-27 09:34:30 [2@glpi-server]
Письмо для admsys@localhost было добавлено в очередь: [GLPI #0000024] Заявка решена 1234124
2025-08-27 09:34:35 [2@glpi-server]
Письмо для admsys@localhost было добавлено в очередь: [GLPI #0000024] Закрытие заявки 1234124
2025-08-27 09:34:35 [2@glpi-server]
Письмо для admsys@localhost было добавлено в очередь: [GLPI #0000024] Новый комментарий по заявке 1234124
2025-08-27 09:35:22 [2@glpi-server]
Письмо для admsys@localhost было добавлено в очередь: [GLPI #0000025] Новая заявка 123123123123123123
2025-08-27 09:53:15 [2@glpi-server]
Письмо для admsys@localhost было добавлено в очередь: [GLPI #0000026] Новая заявка 123123
2025-08-27 09:54:04 [9@glpi-server]
Письмо для admsys@localhost было добавлено в очередь: [GLPI #0000026] Заявка решена 123123
2025-08-27 09:54:16 [9@glpi-server]
Письмо для admsys@localhost было добавлено в очередь: [GLPI #0000025] Заявка решена 123123123123123123
2025-08-27 09:54:24 [9@glpi-server]
Письмо для admsys@localhost было добавлено в очередь: [GLPI #0000023] Заявка решена 123
2025-08-27 09:54:41 [9@glpi-server]
Письмо для admsys@localhost было добавлено в очередь: [GLPI #0000024] Новый комментарий по заявке 1234124
2025-08-27 09:54:48 [9@glpi-server]
Письмо для admsys@localhost было добавлено в очередь: [GLPI #0000024] Заявка решена 1234124
2025-08-27 09:55:39 [9@glpi-server]
Письмо для admsys@localhost было добавлено в очередь: [GLPI #0000011] Новый комментарий по заявке 123
2025-08-27 09:55:43 [9@glpi-server]
Письмо для admsys@localhost было добавлено в очередь: [GLPI #0000011] Заявка решена 123
2025-08-27 09:55:52 [9@glpi-server]
Письмо для admsys@localhost было добавлено в очередь: [GLPI #0000022] Заявка решена 123
2025-08-27 09:55:58 [9@glpi-server]
Письмо для admsys@localhost было добавлено в очередь: [GLPI #0000021] Заявка решена низкий приоритет
2025-08-27 09:56:05 [9@glpi-server]
Письмо для admsys@localhost было добавлено в очередь: [GLPI #0000020] Заявка решена высокий приоритет
2025-08-27 09:56:11 [9@glpi-server]
Письмо для admsys@localhost было добавлено в очередь: [GLPI #0000019] Заявка решена средний приоритет
2025-08-27 11:19:04 [2@glpi-server]
Письмо для admsys@localhost было добавлено в очередь: [GLPI #0000030] Новая заявка 6666
2025-08-27 11:30:19 [2@glpi-server]
Письмо для admsys@localhost было добавлено в очередь: [GLPI #0000027] Закрытие заявки 1234
2025-08-27 11:30:19 [2@glpi-server]
Письмо для admsys@localhost было добавлено в очередь: [GLPI #0000027] Новый комментарий по заявке 1234
2025-08-27 12:16:07 [2@glpi-server]
Письмо для admsys@localhost было добавлено в очередь: [GLPI #0000031] Новая заявка 1231234
2025-08-27 12:16:56 [9@glpi-server]
Письмо для admsys@localhost было добавлено в очередь: [GLPI #0000030] Заявка решена 6666
2025-08-27 12:20:27 [9@glpi-server]
Письмо для admsys@localhost было добавлено в очередь: [GLPI #0000031] Заявка решена 1231234
2025-08-27 12:20:41 [9@glpi-server]
Письмо для admsys@localhost было добавлено в очередь: [GLPI #0000029] Заявка решена 2222
2025-08-27 12:21:21 [2@glpi-server]
Письмо для admsys@localhost было добавлено в очередь: [GLPI #0000032] Новая заявка 123123
2025-08-27 12:53:33 [2@glpi-server]
Письмо для admsys@localhost было добавлено в очередь: [GLPI #0000033] Новая заявка 123123
2025-08-27 12:54:14 [2@glpi-server]
Письмо для admsys@localhost было добавлено в очередь: [GLPI #0000033] Заявка решена 123123
2025-08-27 13:01:10 [9@glpi-server]
Письмо для admsys@localhost было добавлено в очередь: [GLPI #0000032] Заявка решена 123123
2025-08-27 13:01:47 [2@glpi-server]
Письмо для admsys@localhost было добавлено в очередь: [GLPI #0000034] Новая заявка 123123123123
2025-08-27 13:06:22 [2@glpi-server]
Письмо для admsys@localhost было добавлено в очередь: [GLPI #0000035] Новая заявка 123123 олег должен добавиться
2025-08-27 13:08:21 [2@glpi-server]
Письмо для admsys@localhost было добавлено в очередь: [GLPI #0000036] Новая заявка тест
2025-08-27 13:08:36 [2@glpi-server]
Письмо для admsys@localhost было добавлено в очередь: [GLPI #0000034] Заявка решена 123123123123
2025-08-27 13:09:04 [9@glpi-server]
Письмо для admsys@localhost было добавлено в очередь: [GLPI #0000035] Заявка решена 123123 олег должен добавиться
2025-08-27 13:09:12 [9@glpi-server]
Письмо для admsys@localhost было добавлено в очередь: [GLPI #0000036] Заявка решена тест
2025-08-27 13:10:41 [2@glpi-server]
Письмо для admsys@localhost было добавлено в очередь: [GLPI #0000037] Новая заявка 123123
2025-08-27 13:49:33 [2@glpi-server]
Письмо для admsys@localhost было добавлено в очередь: [GLPI #0000038] Новая заявка 123
2025-08-27 14:21:40 [2@glpi-server]
Письмо для admsys@localhost было добавлено в очередь: [GLPI #0000039] Новая заявка средний приоритет111111
2025-08-27 14:59:36 [2@glpi-server]
Письмо для admsys@localhost было добавлено в очередь: [GLPI #0000040] Новая заявка rfhfek
2025-08-28 06:27:18 [2@glpi-server]
Письмо для admsys@localhost было добавлено в очередь: [GLPI #0000041] Новая заявка тестовая заявка
2025-08-28 07:13:42 [2@glpi-server]
Письмо для admsys@localhost было добавлено в очередь: [GLPI #0000042] Новая заявка проверка эскалации
2025-08-28 07:14:44 [2@glpi-server]
Письмо для admsys@localhost было добавлено в очередь: [GLPI #0000042] Заявка решена проверка эскалации
2025-08-28 07:15:16 [2@glpi-server]
Письмо для admsys@localhost было добавлено в очередь: [GLPI #0000043] Новая заявка эскалация
2025-08-28 07:15:45 [2@glpi-server]
Письмо для admsys@localhost было добавлено в очередь: [GLPI #0000044] Новая заявка ававаава
